<?xml version="1.0" encoding="UTF-8"?>
<!-- Generated by org.testng.reporters.JUnitReportReporter -->
<testsuite skipped="0" hostname="DESKTOP-C24ITVD" name="tests.MegaDesktopTest" tests="4" failures="0" timestamp="2022-05-09T06:19:57 IST" time="11.958" errors="0">
  <testcase name="testLinks" time="6.445" classname="tests.MegaDesktopTest"/>
  <system-out/>
  <testcase name="launchMegaApplication" time="4.885" classname="tests.MegaDesktopTest"/>
  <system-out/>
  <testcase name="shouldClickOnLinux" time="0.449" classname="tests.MegaDesktopTest"/>
  <system-out/>
  <testcase name="shouldClickOnLinuxDistribution" time="0.179" classname="tests.MegaDesktopTest"/>
  <system-out/>
</testsuite> <!-- tests.MegaDesktopTest -->
