<?xml version="1.0" encoding="UTF-8"?>
<!-- Generated by org.testng.reporters.JUnitReportReporter -->
<testsuite skipped="0" hostname="DESKTOP-C24ITVD" name="MegaWebTest" tests="1" failures="0" timestamp="2022-05-09T05:01:32 IST" time="0.009" errors="0">
  <testcase name="f" time="0.009" classname="MegaWebTest"/>
  <system-out/>
</testsuite> <!-- MegaWebTest -->
